/*C12*/SET SCHEMA PUBLIC
\u000a    alter table address \u000a        drop constraint FK_7rod8a71yep5vxasb0ms3osbg
\u000a    alter table parking_location \u000a        drop constraint FK_4jka6nx4xwygq259j1dqikd3s
\u000a    alter table parking_space \u000a        drop constraint FK_k7w9hjtcx996768id2sao7gic
\u000a    alter table parking_transactions \u000a        drop constraint FK_qadig0cs35mrjbmjuea8ry1ht
\u000a    alter table user \u000a        drop constraint FK_r43ko4xrmw3o58mwrd4aj8gnn
\u000a    drop table address if exists
\u000a    drop table parking_location if exists
\u000a    drop table parking_space if exists
\u000a    drop table parking_transactions if exists
\u000a    drop table user if exists
\u000a    create table address (\u000a        id bigint generated by default as identity (start with 1),\u000a        create_date date,\u000a        version integer,\u000a        building varchar(255),\u000a        city varchar(255),\u000a        country varchar(255),\u000a        pin integer,\u000a        state varchar(255),\u000a        street varchar(255),\u000a        user_id bigint,\u000a        primary key (id)\u000a    )
\u000a    create table parking_location (\u000a        id bigint generated by default as identity (start with 1),\u000a        create_date date,\u000a        version integer,\u000a        loctn_capfw integer,\u000a        loctn_captw integer,\u000a        loctn_lat double,\u000a        loctn_id varchar(255),\u000a        loctn_long double,\u000a        loctn_name varchar(255),\u000a        owner_id bigint,\u000a        primary key (id)\u000a    )
\u000a    create table parking_space (\u000a        id bigint generated by default as identity (start with 1),\u000a        create_date date,\u000a        version integer,\u000a        space_chrge_per_hour double,\u000a        space_for integer,\u000a        space_id varchar(255),\u000a        space_status integer,\u000a        location_id bigint,\u000a        primary key (id)\u000a    )
\u000a    create table parking_transactions (\u000a        id bigint generated by default as identity (start with 1),\u000a        create_date date,\u000a        version integer,\u000a        cust_mobile varchar(255),\u000a        in_time date,\u000a        out_time date,\u000a        rto_number varchar(255),\u000a        total_amount double,\u000a        space_id bigint,\u000a        primary key (id)\u000a    )
\u000a    create table user (\u000a        id bigint generated by default as identity (start with 1),\u000a        create_date date,\u000a        version integer,\u000a        email_id varchar(255),\u000a        first_name varchar(255),\u000a        last_name varchar(255),\u000a        middle_name varchar(255),\u000a        mobile varchar(255),\u000a        password varchar(255),\u000a        role varchar(255),\u000a        status varchar(255),\u000a        user_name varchar(255),\u000a        owner_id bigint,\u000a        primary key (id)\u000a    )
\u000a    alter table parking_location \u000a        add constraint UK_r02ik8h06on96aju6rjuw3e8o  unique (loctn_id)
\u000a    alter table parking_space \u000a        add constraint UK_g1h3nobaqwt49q6e0pqekujv0  unique (space_id)
\u000a    alter table user \u000a        add constraint UK_lqjrcobrh9jc8wpcar64q1bfh  unique (user_name)
\u000a    alter table address \u000a        add constraint FK_7rod8a71yep5vxasb0ms3osbg \u000a        foreign key (user_id) \u000a        references user
\u000a    alter table parking_location \u000a        add constraint FK_4jka6nx4xwygq259j1dqikd3s \u000a        foreign key (owner_id) \u000a        references user
\u000a    alter table parking_space \u000a        add constraint FK_k7w9hjtcx996768id2sao7gic \u000a        foreign key (location_id) \u000a        references parking_location
\u000a    alter table parking_transactions \u000a        add constraint FK_qadig0cs35mrjbmjuea8ry1ht \u000a        foreign key (space_id) \u000a        references parking_space
\u000a    alter table user \u000a        add constraint FK_r43ko4xrmw3o58mwrd4aj8gnn \u000a        foreign key (owner_id) \u000a        references user
INSERT INTO USER VALUES(1,NULL,0,'syed82@gmail.com','Syed','Ahmed','Zulfikhar','9742822077','$2a$10$tRKcvdkQZXYsFMZXCcVgZOmoI5xiM3FiH4jH7zE.eCI5cfrWbzSqq','ROLE_ADMIN','ACTIVE','admin',NULL)
COMMIT
